g:\project\cplusplus\generatemodel\generatemodel\x64\debug\generatemodel.pch
g:\project\cplusplus\generatemodel\generatemodel\x64\debug\vc120.pdb
g:\project\cplusplus\generatemodel\generatemodel\x64\debug\vc120.idb
g:\project\cplusplus\generatemodel\generatemodel\x64\debug\stdafx.obj
g:\project\cplusplus\generatemodel\generatemodel\x64\debug\adjcentvertices.obj
g:\project\cplusplus\generatemodel\generatemodel\x64\debug\baseinfo.obj
g:\project\cplusplus\generatemodel\generatemodel\x64\debug\boundary.obj
g:\project\cplusplus\generatemodel\generatemodel\x64\debug\convergemodel.obj
g:\project\cplusplus\generatemodel\generatemodel\x64\debug\generatemodel.obj
g:\project\cplusplus\generatemodel\generatemodel\x64\debug\humanmodel.obj
g:\project\cplusplus\generatemodel\generatemodel\x64\debug\searchbody.obj
g:\project\cplusplus\generatemodel\generatemodel\x64\debug\spring.obj
g:\project\cplusplus\generatemodel\x64\debug\generatemodel.ilk
g:\project\cplusplus\generatemodel\x64\debug\generatemodel.exe
g:\project\cplusplus\generatemodel\x64\debug\generatemodel.pdb
g:\project\cplusplus\generatemodel\generatemodel\x64\debug\generatemodel.tlog\cl.command.1.tlog
g:\project\cplusplus\generatemodel\generatemodel\x64\debug\generatemodel.tlog\cl.read.1.tlog
g:\project\cplusplus\generatemodel\generatemodel\x64\debug\generatemodel.tlog\cl.write.1.tlog
g:\project\cplusplus\generatemodel\generatemodel\x64\debug\generatemodel.tlog\link.command.1.tlog
g:\project\cplusplus\generatemodel\generatemodel\x64\debug\generatemodel.tlog\link.read.1.tlog
g:\project\cplusplus\generatemodel\generatemodel\x64\debug\generatemodel.tlog\link.write.1.tlog
