生成启动时间为 2015/11/24 15:04:50。
     1>项目“G:\Project\Cplusplus\GenerateBody\GenerateBody\GenerateBody.vcxproj”在节点 2 上(Rebuild 个目标)。
     1>ClCompile:
         D:\Program Files (x86)\Microsoft Visual Studio 12.0\VC\bin\CL.exe /c /I"D:\Program Files\MATLAB\R2013a\extern\include" /I"D:\Program Files\MATLAB\R2013a\extern\include\win64" /ZI /nologo /W3 /WX- /sdl /Od /Oy- /D WIN32 /D _DEBUG /D _CONSOLE /D _LIB /D _UNICODE /D UNICODE /Gm /EHsc /RTC1 /MDd /GS /fp:precise /Zc:wchar_t /Zc:forScope /Yc"stdafx.h" /Fp"Debug\GenerateBody.pch" /Fo"Debug\\" /Fd"Debug\vc120.pdb" /Gd /TP /analyze- /errorReport:prompt stdafx.cpp
         stdafx.cpp
         D:\Program Files (x86)\Microsoft Visual Studio 12.0\VC\bin\CL.exe /c /I"D:\Program Files\MATLAB\R2013a\extern\include" /I"D:\Program Files\MATLAB\R2013a\extern\include\win64" /ZI /nologo /W3 /WX- /sdl /Od /Oy- /D WIN32 /D _DEBUG /D _CONSOLE /D _LIB /D _UNICODE /D UNICODE /Gm /EHsc /RTC1 /MDd /GS /fp:precise /Zc:wchar_t /Zc:forScope /Yu"stdafx.h" /Fp"Debug\GenerateBody.pch" /Fo"Debug\\" /Fd"Debug\vc120.pdb" /Gd /TP /analyze- /errorReport:prompt AdjcentVertices.cpp BaseInfo.cpp Boundary.cpp ConvertModel.cpp GenerateBody.cpp HumanModel.cpp Spring.cpp
         Spring.cpp
         HumanModel.cpp
     1>g:\project\cplusplus\generatebody\generatebody\humanmodel.cpp(178): warning C4018: “<”: 有符号/无符号不匹配
     1>g:\project\cplusplus\generatebody\generatebody\humanmodel.cpp(191): warning C4018: “<”: 有符号/无符号不匹配
     1>g:\project\cplusplus\generatebody\generatebody\humanmodel.cpp(317): warning C4018: “<”: 有符号/无符号不匹配
     1>g:\project\cplusplus\generatebody\generatebody\humanmodel.cpp(366): warning C4018: “<”: 有符号/无符号不匹配
     1>g:\project\cplusplus\generatebody\generatebody\humanmodel.cpp(371): warning C4018: “<”: 有符号/无符号不匹配
     1>g:\project\cplusplus\generatebody\generatebody\humanmodel.cpp(377): warning C4018: “<”: 有符号/无符号不匹配
         GenerateBody.cpp
         ConvertModel.cpp
         Boundary.cpp
     1>g:\project\cplusplus\generatebody\generatebody\boundary.cpp(231): warning C4018: “<”: 有符号/无符号不匹配
     1>g:\project\cplusplus\generatebody\generatebody\boundary.cpp(300): warning C4018: “<”: 有符号/无符号不匹配
     1>g:\project\cplusplus\generatebody\generatebody\boundary.cpp(313): warning C4018: “<”: 有符号/无符号不匹配
     1>g:\project\cplusplus\generatebody\generatebody\boundary.cpp(324): warning C4018: “<=”: 有符号/无符号不匹配
     1>g:\project\cplusplus\generatebody\generatebody\boundary.cpp(330): warning C4018: “<”: 有符号/无符号不匹配
         BaseInfo.cpp
         AdjcentVertices.cpp
         正在生成代码...
       Link:
         D:\Program Files (x86)\Microsoft Visual Studio 12.0\VC\bin\link.exe /ERRORREPORT:PROMPT /OUT:"G:\Project\Cplusplus\GenerateBody\Debug\GenerateBody.exe" /INCREMENTAL /NOLOGO libmat.lib libmx.lib libmex.lib libeng.lib kernel32.lib user32.lib gdi32.lib winspool.lib comdlg32.lib advapi32.lib shell32.lib ole32.lib oleaut32.lib uuid.lib odbc32.lib odbccp32.lib /MANIFEST /MANIFESTUAC:"level='asInvoker' uiAccess='false'" /manifest:embed /DEBUG /PDB:"G:\Project\Cplusplus\GenerateBody\Debug\GenerateBody.pdb" /SUBSYSTEM:CONSOLE /TLBID:1 /DYNAMICBASE /NXCOMPAT /IMPLIB:"G:\Project\Cplusplus\GenerateBody\Debug\GenerateBody.lib" /MACHINE:X86 Debug\AdjcentVertices.obj
         Debug\BaseInfo.obj
         Debug\Boundary.obj
         Debug\ConvertModel.obj
         Debug\GenerateBody.obj
         Debug\HumanModel.obj
         Debug\Spring.obj
         Debug\stdafx.obj
     1>GenerateBody.obj : error LNK2005: _wmain 已经在 ConvertModel.obj 中定义
     1>AdjcentVertices.obj : error LNK2019: 无法解析的外部符号 _mxFree，该符号在函数 "private: void __thiscall AdjcentVertices::ReadAdjcentVertices(void)" (?ReadAdjcentVertices@AdjcentVertices@@AAEXXZ) 中被引用
     1>Boundary.obj : error LNK2001: 无法解析的外部符号 _mxFree
     1>HumanModel.obj : error LNK2001: 无法解析的外部符号 _mxFree
     1>Spring.obj : error LNK2001: 无法解析的外部符号 _mxFree
     1>Spring.obj : error LNK2001: 无法解析的外部符号 _mxGetData
     1>AdjcentVertices.obj : error LNK2019: 无法解析的外部符号 _mxGetData，该符号在函数 "private: void __thiscall AdjcentVertices::ReadData(struct mxArray_tag *,class Eigen::Matrix<int,-1,-1,0,-1,-1> &)" (?ReadData@AdjcentVertices@@AAEXPAUmxArray_tag@@AAV?$Matrix@H$0?0$0?0$0A@$0?0$0?0@Eigen@@@Z) 中被引用
     1>BaseInfo.obj : error LNK2001: 无法解析的外部符号 _mxGetData
     1>Boundary.obj : error LNK2001: 无法解析的外部符号 _mxGetData
     1>HumanModel.obj : error LNK2001: 无法解析的外部符号 _mxGetData
     1>Spring.obj : error LNK2001: 无法解析的外部符号 _mxGetM
     1>AdjcentVertices.obj : error LNK2019: 无法解析的外部符号 _mxGetM，该符号在函数 "private: void __thiscall AdjcentVertices::ReadData(struct mxArray_tag *,class Eigen::Matrix<int,-1,-1,0,-1,-1> &)" (?ReadData@AdjcentVertices@@AAEXPAUmxArray_tag@@AAV?$Matrix@H$0?0$0?0$0A@$0?0$0?0@Eigen@@@Z) 中被引用
     1>BaseInfo.obj : error LNK2001: 无法解析的外部符号 _mxGetM
     1>Boundary.obj : error LNK2001: 无法解析的外部符号 _mxGetM
     1>HumanModel.obj : error LNK2001: 无法解析的外部符号 _mxGetM
     1>Spring.obj : error LNK2001: 无法解析的外部符号 _mxGetN
     1>AdjcentVertices.obj : error LNK2019: 无法解析的外部符号 _mxGetN，该符号在函数 "private: void __thiscall AdjcentVertices::ReadData(struct mxArray_tag *,class Eigen::Matrix<int,-1,-1,0,-1,-1> &)" (?ReadData@AdjcentVertices@@AAEXPAUmxArray_tag@@AAV?$Matrix@H$0?0$0?0$0A@$0?0$0?0@Eigen@@@Z) 中被引用
     1>BaseInfo.obj : error LNK2001: 无法解析的外部符号 _mxGetN
     1>Boundary.obj : error LNK2001: 无法解析的外部符号 _mxGetN
     1>HumanModel.obj : error LNK2001: 无法解析的外部符号 _mxGetN
     1>Spring.obj : error LNK2001: 无法解析的外部符号 _matOpen
     1>AdjcentVertices.obj : error LNK2019: 无法解析的外部符号 _matOpen，该符号在函数 "private: void __thiscall AdjcentVertices::ReadAdjcentVertices(void)" (?ReadAdjcentVertices@AdjcentVertices@@AAEXXZ) 中被引用
     1>BaseInfo.obj : error LNK2001: 无法解析的外部符号 _matOpen
     1>Boundary.obj : error LNK2001: 无法解析的外部符号 _matOpen
     1>HumanModel.obj : error LNK2001: 无法解析的外部符号 _matOpen
     1>Spring.obj : error LNK2001: 无法解析的外部符号 _matClose
     1>AdjcentVertices.obj : error LNK2019: 无法解析的外部符号 _matClose，该符号在函数 "private: void __thiscall AdjcentVertices::ReadAdjcentVertices(void)" (?ReadAdjcentVertices@AdjcentVertices@@AAEXXZ) 中被引用
     1>BaseInfo.obj : error LNK2001: 无法解析的外部符号 _matClose
     1>Boundary.obj : error LNK2001: 无法解析的外部符号 _matClose
     1>HumanModel.obj : error LNK2001: 无法解析的外部符号 _matClose
     1>Spring.obj : error LNK2001: 无法解析的外部符号 _matGetVariable
     1>AdjcentVertices.obj : error LNK2019: 无法解析的外部符号 _matGetVariable，该符号在函数 "private: void __thiscall AdjcentVertices::ReadAdjcentVertices(void)" (?ReadAdjcentVertices@AdjcentVertices@@AAEXXZ) 中被引用
     1>BaseInfo.obj : error LNK2001: 无法解析的外部符号 _matGetVariable
     1>Boundary.obj : error LNK2001: 无法解析的外部符号 _matGetVariable
     1>HumanModel.obj : error LNK2001: 无法解析的外部符号 _matGetVariable
     1>Spring.obj : error LNK2019: 无法解析的外部符号 _mxGetPr，该符号在函数 "public: void __thiscall Spring::WriteMatFile(char *,class Eigen::Matrix<double,-1,-1,0,-1,-1> &,char *)" (?WriteMatFile@Spring@@QAEXPADAAV?$Matrix@N$0?0$0?0$0A@$0?0$0?0@Eigen@@0@Z) 中被引用
     1>Spring.obj : error LNK2019: 无法解析的外部符号 _mxCreateDoubleMatrix_730，该符号在函数 "public: void __thiscall Spring::WriteMatFile(char *,class Eigen::Matrix<double,-1,-1,0,-1,-1> &,char *)" (?WriteMatFile@Spring@@QAEXPADAAV?$Matrix@N$0?0$0?0$0A@$0?0$0?0@Eigen@@0@Z) 中被引用
     1>Spring.obj : error LNK2019: 无法解析的外部符号 _matPutVariable，该符号在函数 "public: void __thiscall Spring::WriteMatFile(char *,class Eigen::Matrix<double,-1,-1,0,-1,-1> &,char *)" (?WriteMatFile@Spring@@QAEXPADAAV?$Matrix@N$0?0$0?0$0A@$0?0$0?0@Eigen@@0@Z) 中被引用
     1>G:\Project\Cplusplus\GenerateBody\Debug\GenerateBody.exe : fatal error LNK1120: 10 个无法解析的外部命令
     1>已完成生成项目“G:\Project\Cplusplus\GenerateBody\GenerateBody\GenerateBody.vcxproj”(Rebuild 个目标)的操作 - 失败。

生成失败。

已用时间 00:00:07.65
