生成启动时间为 2015/12/21 16:53:27。
     1>项目“G:\Project\Cplusplus\GenerateModel\GenerateModel\GenerateModel.vcxproj”在节点 2 上(Rebuild 个目标)。
     1>ClCompile:
         D:\Program Files (x86)\Microsoft Visual Studio 12.0\VC\bin\x86_amd64\CL.exe /c /I"D:\Program Files\MATLAB\R2013a\extern\include" /I"D:\Program Files\MATLAB\R2013a\extern\include\win64" /Zi /nologo /W3 /WX- /sdl /O2 /Oi /GL /D WIN32 /D NDEBUG /D _CONSOLE /D _LIB /D _UNICODE /D UNICODE /Gm- /EHsc /MD /GS /Gy /fp:precise /Zc:wchar_t /Zc:forScope /Yc"stdafx.h" /Fp"x64\Release\GenerateModel.pch" /Fo"x64\Release\\" /Fd"x64\Release\vc120.pdb" /Gd /TP /errorReport:prompt stdafx.cpp
         stdafx.cpp
         D:\Program Files (x86)\Microsoft Visual Studio 12.0\VC\bin\x86_amd64\CL.exe /c /I"D:\Program Files\MATLAB\R2013a\extern\include" /I"D:\Program Files\MATLAB\R2013a\extern\include\win64" /Zi /nologo /W3 /WX- /sdl /O2 /Oi /GL /D WIN32 /D NDEBUG /D _CONSOLE /D _LIB /D _UNICODE /D UNICODE /Gm- /EHsc /MD /GS /Gy /fp:precise /Zc:wchar_t /Zc:forScope /Yu"stdafx.h" /Fp"x64\Release\GenerateModel.pch" /Fo"x64\Release\\" /Fd"x64\Release\vc120.pdb" /Gd /TP /errorReport:prompt AdjcentVertices.cpp BaseInfo.cpp Boundary.cpp GenerateModel.cpp HumanModel.cpp SearchBody.cpp Spring.cpp
         AdjcentVertices.cpp
         BaseInfo.cpp
         Boundary.cpp
         GenerateModel.cpp
         HumanModel.cpp
         SearchBody.cpp
     1>SearchBody.cpp(84): warning C4244: “初始化”: 从“double”转换到“float”，可能丢失数据
     1>SearchBody.cpp(89): warning C4244: “=”: 从“double”转换到“float”，可能丢失数据
     1>SearchBody.cpp(94): warning C4244: “=”: 从“double”转换到“float”，可能丢失数据
     1>SearchBody.cpp(99): warning C4244: “=”: 从“double”转换到“float”，可能丢失数据
         Spring.cpp
       Link:
         D:\Program Files (x86)\Microsoft Visual Studio 12.0\VC\bin\x86_amd64\link.exe /ERRORREPORT:PROMPT /OUT:"G:\Project\Cplusplus\GenerateModel\x64\Release\GenerateModel.exe" /INCREMENTAL:NO /NOLOGO libmat.lib libmx.lib libmex.lib libeng.lib kernel32.lib user32.lib gdi32.lib winspool.lib comdlg32.lib advapi32.lib shell32.lib ole32.lib oleaut32.lib uuid.lib odbc32.lib odbccp32.lib /MANIFEST /MANIFESTUAC:"level='asInvoker' uiAccess='false'" /manifest:embed /DEBUG /PDB:"G:\Project\Cplusplus\GenerateModel\x64\Release\GenerateModel.pdb" /SUBSYSTEM:CONSOLE /OPT:REF /OPT:ICF /LTCG /TLBID:1 /DYNAMICBASE /NXCOMPAT /IMPLIB:"G:\Project\Cplusplus\GenerateModel\x64\Release\GenerateModel.lib" /MACHINE:X64 x64\Release\AdjcentVertices.obj
         x64\Release\BaseInfo.obj
         x64\Release\Boundary.obj
         x64\Release\GenerateModel.obj
         x64\Release\HumanModel.obj
         x64\Release\SearchBody.obj
         x64\Release\Spring.obj
         x64\Release\stdafx.obj
         正在生成代码
     1>g:\project\cplusplus\generatemodel\generatemodel\searchbody.cpp(129): warning C4715: “FindCloset”: 不是所有的控件路径都返回值
         已完成代码的生成
         GenerateModel.vcxproj -> G:\Project\Cplusplus\GenerateModel\x64\Release\GenerateModel.exe
     1>已完成生成项目“G:\Project\Cplusplus\GenerateModel\GenerateModel\GenerateModel.vcxproj”(Rebuild 个目标)的操作。

生成成功。

已用时间 00:00:12.00
