生成启动时间为 2015/11/16 16:00:03。
     1>项目“G:\Project\Cplusplus\ConvergeModel\ConvergeModel\ConvergeModel\ConvergeModel.vcxproj”在节点 2 上(Rebuild 个目标)。
     1>ClCompile:
         D:\Program Files (x86)\Microsoft Visual Studio 12.0\VC\bin\x86_amd64\CL.exe /c /I"D:\Program Files\MATLAB\R2013a\extern\include\win64" /I"D:\Program Files\MATLAB\R2013a\extern\include" /Zi /nologo /W3 /WX- /sdl /Od /D WIN32 /D _DEBUG /D _CONSOLE /D _LIB /D _UNICODE /D UNICODE /Gm /EHsc /RTC1 /MDd /GS /fp:precise /Zc:wchar_t /Zc:forScope /Yc"stdafx.h" /Fp"x64\Debug\ConvergeModel.pch" /Fo"x64\Debug\\" /Fd"x64\Debug\vc120.pdb" /Gd /TP /errorReport:prompt stdafx.cpp
         stdafx.cpp
         D:\Program Files (x86)\Microsoft Visual Studio 12.0\VC\bin\x86_amd64\CL.exe /c /I"D:\Program Files\MATLAB\R2013a\extern\include\win64" /I"D:\Program Files\MATLAB\R2013a\extern\include" /Zi /nologo /W3 /WX- /sdl /Od /D WIN32 /D _DEBUG /D _CONSOLE /D _LIB /D _UNICODE /D UNICODE /Gm /EHsc /RTC1 /MDd /GS /fp:precise /Zc:wchar_t /Zc:forScope /Yu"stdafx.h" /Fp"x64\Debug\ConvergeModel.pch" /Fo"x64\Debug\\" /Fd"x64\Debug\vc120.pdb" /Gd /TP /errorReport:prompt AdjcentVertices.cpp BaseInfo.cpp Boundary.cpp ConvergeModel.cpp HumanModel.cpp Spring.cpp
         Spring.cpp
         HumanModel.cpp
         ConvergeModel.cpp
         Boundary.cpp
         BaseInfo.cpp
         AdjcentVertices.cpp
         正在生成代码...
       Link:
         D:\Program Files (x86)\Microsoft Visual Studio 12.0\VC\bin\x86_amd64\link.exe /ERRORREPORT:PROMPT /OUT:"G:\Project\Cplusplus\ConvergeModel\ConvergeModel\x64\Debug\ConvergeModel.exe" /INCREMENTAL /NOLOGO libmat.lib libmx.lib libmex.lib libeng.lib kernel32.lib user32.lib gdi32.lib winspool.lib comdlg32.lib advapi32.lib shell32.lib ole32.lib oleaut32.lib uuid.lib odbc32.lib odbccp32.lib /MANIFEST /MANIFESTUAC:"level='asInvoker' uiAccess='false'" /manifest:embed /DEBUG /PDB:"G:\Project\Cplusplus\ConvergeModel\ConvergeModel\x64\Debug\ConvergeModel.pdb" /SUBSYSTEM:CONSOLE /TLBID:1 /DYNAMICBASE /NXCOMPAT /IMPLIB:"G:\Project\Cplusplus\ConvergeModel\ConvergeModel\x64\Debug\ConvergeModel.lib" /MACHINE:X64 x64\Debug\AdjcentVertices.obj
         x64\Debug\BaseInfo.obj
         x64\Debug\Boundary.obj
         x64\Debug\ConvergeModel.obj
         x64\Debug\HumanModel.obj
         x64\Debug\Spring.obj
         x64\Debug\stdafx.obj
         ConvergeModel.vcxproj -> G:\Project\Cplusplus\ConvergeModel\ConvergeModel\x64\Debug\ConvergeModel.exe
     1>已完成生成项目“G:\Project\Cplusplus\ConvergeModel\ConvergeModel\ConvergeModel\ConvergeModel.vcxproj”(Rebuild 个目标)的操作。

生成成功。

已用时间 00:00:07.14
