生成启动时间为 2015/11/24 15:04:58。
     1>项目“G:\Project\Cplusplus\ConvergeModel\ConvergeModel\ConvergeModel\ConvergeModel.vcxproj”在节点 2 上(Rebuild 个目标)。
     1>ClCompile:
         D:\Program Files (x86)\Microsoft Visual Studio 12.0\VC\bin\x86_amd64\CL.exe /c /I"D:\Program Files\MATLAB\R2013a\extern\include\win64" /I"D:\Program Files\MATLAB\R2013a\extern\include" /Zi /nologo /W3 /WX- /sdl /O2 /Oi /GL /D WIN32 /D NDEBUG /D _CONSOLE /D _LIB /D _UNICODE /D UNICODE /Gm- /EHsc /MD /GS /Gy /fp:precise /Zc:wchar_t /Zc:forScope /Yc"stdafx.h" /Fp"x64\Release\ConvergeModel.pch" /Fo"x64\Release\\" /Fd"x64\Release\vc120.pdb" /Gd /TP /errorReport:prompt stdafx.cpp
         stdafx.cpp
         D:\Program Files (x86)\Microsoft Visual Studio 12.0\VC\bin\x86_amd64\CL.exe /c /I"D:\Program Files\MATLAB\R2013a\extern\include\win64" /I"D:\Program Files\MATLAB\R2013a\extern\include" /Zi /nologo /W3 /WX- /sdl /O2 /Oi /GL /D WIN32 /D NDEBUG /D _CONSOLE /D _LIB /D _UNICODE /D UNICODE /Gm- /EHsc /MD /GS /Gy /fp:precise /Zc:wchar_t /Zc:forScope /Yu"stdafx.h" /Fp"x64\Release\ConvergeModel.pch" /Fo"x64\Release\\" /Fd"x64\Release\vc120.pdb" /Gd /TP /errorReport:prompt AdjcentVertices.cpp BaseInfo.cpp Boundary.cpp ConvergeModel.cpp HumanModel.cpp Spring.cpp
         AdjcentVertices.cpp
         BaseInfo.cpp
         Boundary.cpp
         ConvergeModel.cpp
         HumanModel.cpp
         Spring.cpp
       Link:
         D:\Program Files (x86)\Microsoft Visual Studio 12.0\VC\bin\x86_amd64\link.exe /ERRORREPORT:PROMPT /OUT:"G:\Project\Cplusplus\ConvergeModel\ConvergeModel\x64\Release\ConvergeModel.exe" /INCREMENTAL:NO /NOLOGO libmat.lib libmx.lib libmex.lib libeng.lib kernel32.lib user32.lib gdi32.lib winspool.lib comdlg32.lib advapi32.lib shell32.lib ole32.lib oleaut32.lib uuid.lib odbc32.lib odbccp32.lib /MANIFEST /MANIFESTUAC:"level='asInvoker' uiAccess='false'" /manifest:embed /DEBUG /PDB:"G:\Project\Cplusplus\ConvergeModel\ConvergeModel\x64\Release\ConvergeModel.pdb" /SUBSYSTEM:CONSOLE /OPT:REF /OPT:ICF /LTCG /TLBID:1 /DYNAMICBASE /NXCOMPAT /IMPLIB:"G:\Project\Cplusplus\ConvergeModel\ConvergeModel\x64\Release\ConvergeModel.lib" /MACHINE:X64 x64\Release\AdjcentVertices.obj
         x64\Release\BaseInfo.obj
         x64\Release\Boundary.obj
         x64\Release\ConvergeModel.obj
         x64\Release\HumanModel.obj
         x64\Release\Spring.obj
         x64\Release\stdafx.obj
         正在生成代码
         已完成代码的生成
         ConvergeModel.vcxproj -> G:\Project\Cplusplus\ConvergeModel\ConvergeModel\x64\Release\ConvergeModel.exe
     1>已完成生成项目“G:\Project\Cplusplus\ConvergeModel\ConvergeModel\ConvergeModel\ConvergeModel.vcxproj”(Rebuild 个目标)的操作。

生成成功。

已用时间 00:00:10.40
